0 info it worked if it ends with ok
1 verbose cli [ '/usr/local/Cellar/node/6.2.2/bin/node',
1 verbose cli   '/usr/local/bin/npm',
1 verbose cli   '--registry=https://registry.npm.taobao.org',
1 verbose cli   '--cache=/Users/didi/.npm/.cache/cnpm',
1 verbose cli   '--disturl=https://npm.taobao.org/dist',
1 verbose cli   '--userconfig=/Users/didi/.cnpmrc',
1 verbose cli   'install',
1 verbose cli   '-g',
1 verbose cli   'plugin-node-resolve' ]
2 info using npm@3.9.5
3 info using node@v6.2.2
4 silly loadCurrentTree Starting
5 silly install loadCurrentTree
6 silly install readGlobalPackageData
7 silly fetchPackageMetaData plugin-node-resolve
8 silly fetchNamedPackageData plugin-node-resolve
9 silly mapToRegistry name plugin-node-resolve
10 silly mapToRegistry using default registry
11 silly mapToRegistry registry https://registry.npm.taobao.org/
12 silly mapToRegistry data Result {
12 silly mapToRegistry   raw: 'plugin-node-resolve',
12 silly mapToRegistry   scope: null,
12 silly mapToRegistry   name: 'plugin-node-resolve',
12 silly mapToRegistry   rawSpec: '',
12 silly mapToRegistry   spec: 'latest',
12 silly mapToRegistry   type: 'tag' }
13 silly mapToRegistry uri https://registry.npm.taobao.org/plugin-node-resolve
14 verbose request uri https://registry.npm.taobao.org/plugin-node-resolve
15 verbose request no auth needed
16 info attempt registry request try #1 at 20:40:54
17 verbose request id 347e7e9798a2d9e3
18 http request GET https://registry.npm.taobao.org/plugin-node-resolve
19 http 404 https://registry.npm.taobao.org/plugin-node-resolve
20 verbose headers { date: 'Mon, 17 Feb 2020 12:40:55 GMT',
20 verbose headers   'content-type': 'application/json',
20 verbose headers   'content-length': '21',
20 verbose headers   connection: 'keep-alive',
20 verbose headers   'set-cookie': [ '__cfduid=d005ef6166b7a8fe5e88c52e37912b0c01581943255; expires=Wed, 18-Mar-20 12:40:55 GMT; path=/; domain=.registry.npmjs.com; HttpOnly; SameSite=Lax' ],
20 verbose headers   'cf-ray': '5667d5228b81e24f-SIN',
20 verbose headers   age: '5',
20 verbose headers   vary: 'Accept-Encoding',
20 verbose headers   'cf-cache-status': 'HIT',
20 verbose headers   'expect-ct': 'max-age=604800, report-uri="https://report-uri.cloudflare.com/cdn-cgi/beacon/expect-ct"',
20 verbose headers   server: 'cloudflare' }
21 silly get cb [ 404,
21 silly get   { date: 'Mon, 17 Feb 2020 12:40:55 GMT',
21 silly get     'content-type': 'application/json',
21 silly get     'content-length': '21',
21 silly get     connection: 'keep-alive',
21 silly get     'set-cookie': [ '__cfduid=d005ef6166b7a8fe5e88c52e37912b0c01581943255; expires=Wed, 18-Mar-20 12:40:55 GMT; path=/; domain=.registry.npmjs.com; HttpOnly; SameSite=Lax' ],
21 silly get     'cf-ray': '5667d5228b81e24f-SIN',
21 silly get     age: '5',
21 silly get     vary: 'Accept-Encoding',
21 silly get     'cf-cache-status': 'HIT',
21 silly get     'expect-ct': 'max-age=604800, report-uri="https://report-uri.cloudflare.com/cdn-cgi/beacon/expect-ct"',
21 silly get     server: 'cloudflare' } ]
22 silly fetchPackageMetaData Error: Not found : plugin-node-resolve
22 silly fetchPackageMetaData     at makeError (/usr/local/lib/node_modules/npm/node_modules/npm-registry-client/lib/request.js:264:12)
22 silly fetchPackageMetaData     at CachingRegistryClient.<anonymous> (/usr/local/lib/node_modules/npm/node_modules/npm-registry-client/lib/request.js:252:14)
22 silly fetchPackageMetaData     at Request._callback (/usr/local/lib/node_modules/npm/node_modules/npm-registry-client/lib/request.js:172:14)
22 silly fetchPackageMetaData     at Request.self.callback (/usr/local/lib/node_modules/npm/node_modules/request/request.js:200:22)
22 silly fetchPackageMetaData     at emitTwo (events.js:106:13)
22 silly fetchPackageMetaData     at Request.emit (events.js:191:7)
22 silly fetchPackageMetaData     at Request.<anonymous> (/usr/local/lib/node_modules/npm/node_modules/request/request.js:1067:10)
22 silly fetchPackageMetaData     at emitOne (events.js:101:20)
22 silly fetchPackageMetaData     at Request.emit (events.js:188:7)
22 silly fetchPackageMetaData     at IncomingMessage.<anonymous> (/usr/local/lib/node_modules/npm/node_modules/request/request.js:988:12)
22 silly fetchPackageMetaData  error for plugin-node-resolve { Error: Not found : plugin-node-resolve
22 silly fetchPackageMetaData     at makeError (/usr/local/lib/node_modules/npm/node_modules/npm-registry-client/lib/request.js:264:12)
22 silly fetchPackageMetaData     at CachingRegistryClient.<anonymous> (/usr/local/lib/node_modules/npm/node_modules/npm-registry-client/lib/request.js:252:14)
22 silly fetchPackageMetaData     at Request._callback (/usr/local/lib/node_modules/npm/node_modules/npm-registry-client/lib/request.js:172:14)
22 silly fetchPackageMetaData     at Request.self.callback (/usr/local/lib/node_modules/npm/node_modules/request/request.js:200:22)
22 silly fetchPackageMetaData     at emitTwo (events.js:106:13)
22 silly fetchPackageMetaData     at Request.emit (events.js:191:7)
22 silly fetchPackageMetaData     at Request.<anonymous> (/usr/local/lib/node_modules/npm/node_modules/request/request.js:1067:10)
22 silly fetchPackageMetaData     at emitOne (events.js:101:20)
22 silly fetchPackageMetaData     at Request.emit (events.js:188:7)
22 silly fetchPackageMetaData     at IncomingMessage.<anonymous> (/usr/local/lib/node_modules/npm/node_modules/request/request.js:988:12) pkgid: 'plugin-node-resolve', statusCode: 404, code: 'E404' }
23 silly rollbackFailedOptional Starting
24 silly rollbackFailedOptional Finishing
25 silly runTopLevelLifecycles Starting
26 silly runTopLevelLifecycles Finishing
27 silly install printInstalled
28 verbose stack Error: Not found : plugin-node-resolve
28 verbose stack     at makeError (/usr/local/lib/node_modules/npm/node_modules/npm-registry-client/lib/request.js:264:12)
28 verbose stack     at CachingRegistryClient.<anonymous> (/usr/local/lib/node_modules/npm/node_modules/npm-registry-client/lib/request.js:252:14)
28 verbose stack     at Request._callback (/usr/local/lib/node_modules/npm/node_modules/npm-registry-client/lib/request.js:172:14)
28 verbose stack     at Request.self.callback (/usr/local/lib/node_modules/npm/node_modules/request/request.js:200:22)
28 verbose stack     at emitTwo (events.js:106:13)
28 verbose stack     at Request.emit (events.js:191:7)
28 verbose stack     at Request.<anonymous> (/usr/local/lib/node_modules/npm/node_modules/request/request.js:1067:10)
28 verbose stack     at emitOne (events.js:101:20)
28 verbose stack     at Request.emit (events.js:188:7)
28 verbose stack     at IncomingMessage.<anonymous> (/usr/local/lib/node_modules/npm/node_modules/request/request.js:988:12)
29 verbose statusCode 404
30 verbose pkgid plugin-node-resolve
31 verbose cwd /Users/didi/goLang/src/github.com/xiazemin/node/frontend/exp5
32 error Darwin 15.0.0
33 error argv "/usr/local/Cellar/node/6.2.2/bin/node" "/usr/local/bin/npm" "--registry=https://registry.npm.taobao.org" "--cache=/Users/didi/.npm/.cache/cnpm" "--disturl=https://npm.taobao.org/dist" "--userconfig=/Users/didi/.cnpmrc" "install" "-g" "plugin-node-resolve"
34 error node v6.2.2
35 error npm  v3.9.5
36 error code E404
37 error 404 Not found : plugin-node-resolve
38 error 404
39 error 404 'plugin-node-resolve' is not in the npm registry.
40 error 404 You should bug the author to publish it (or use the name yourself!)
41 error 404 Note that you can also install from a
42 error 404 tarball, folder, http url, or git url.
43 verbose exit [ 1, true ]
